[2022-08-05T15:00:15.162] [ERROR] application - TypeError: Cannot read properties of undefined (reading 'createUserList')
    at list (E:\forever25\tricolorcat\serve\dist\/main.js:1:5439)
    at dispatch (E:\forever25\tricolorcat\serve\node_modules\.pnpm\registry.npmmirror.com+koa-compose@4.1.0\node_modules\koa-compose\index.js:42:32)
    at E:\forever25\tricolorcat\serve\node_modules\.pnpm\registry.npmmirror.com+koa-router@10.1.1\node_modules\koa-router\lib\router.js:372:16
    at dispatch (E:\forever25\tricolorcat\serve\node_modules\.pnpm\registry.npmmirror.com+koa-compose@4.1.0\node_modules\koa-compose\index.js:42:32)
    at E:\forever25\tricolorcat\serve\node_modules\.pnpm\registry.npmmirror.com+koa-compose@4.1.0\node_modules\koa-compose\index.js:34:12
    at dispatch (E:\forever25\tricolorcat\serve\node_modules\.pnpm\registry.npmmirror.com+koa-router@10.1.1\node_modules\koa-router\lib\router.js:377:31)
    at dispatch (E:\forever25\tricolorcat\serve\node_modules\.pnpm\registry.npmmirror.com+koa-compose@4.1.0\node_modules\koa-compose\index.js:42:32)
    at allowedMethods (E:\forever25\tricolorcat\serve\node_modules\.pnpm\registry.npmmirror.com+koa-router@10.1.1\node_modules\koa-router\lib\router.js:433:12)
    at dispatch (E:\forever25\tricolorcat\serve\node_modules\.pnpm\registry.npmmirror.com+koa-compose@4.1.0\node_modules\koa-compose\index.js:42:32)
    at dispatch (E:\forever25\tricolorcat\serve\node_modules\.pnpm\registry.npmmirror.com+koa-router@10.1.1\node_modules\koa-router\lib\router.js:353:32)
[2022-08-05T15:00:59.398] [ERROR] application - Executing (default): select * from sys_users
[2022-08-05T15:00:59.448] [ERROR] application - Executing (default): SELECT FOUND_ROWS() AS count
[2022-08-05T15:01:46.280] [ERROR] application - Executing (default): select * from sys_users
[2022-08-05T15:01:46.319] [ERROR] application - Executing (default): SELECT FOUND_ROWS() AS count
[2022-08-05T15:02:30.176] [ERROR] application - TypeError: Cannot read properties of undefined (reading 'createUserList')
    at list (E:\forever25\tricolorcat\serve\dist\/main.js:1:5414)
    at dispatch (E:\forever25\tricolorcat\serve\node_modules\.pnpm\registry.npmmirror.com+koa-compose@4.1.0\node_modules\koa-compose\index.js:42:32)
    at E:\forever25\tricolorcat\serve\node_modules\.pnpm\registry.npmmirror.com+koa-router@10.1.1\node_modules\koa-router\lib\router.js:372:16
    at dispatch (E:\forever25\tricolorcat\serve\node_modules\.pnpm\registry.npmmirror.com+koa-compose@4.1.0\node_modules\koa-compose\index.js:42:32)
    at E:\forever25\tricolorcat\serve\node_modules\.pnpm\registry.npmmirror.com+koa-compose@4.1.0\node_modules\koa-compose\index.js:34:12
    at dispatch (E:\forever25\tricolorcat\serve\node_modules\.pnpm\registry.npmmirror.com+koa-router@10.1.1\node_modules\koa-router\lib\router.js:377:31)
    at dispatch (E:\forever25\tricolorcat\serve\node_modules\.pnpm\registry.npmmirror.com+koa-compose@4.1.0\node_modules\koa-compose\index.js:42:32)
    at allowedMethods (E:\forever25\tricolorcat\serve\node_modules\.pnpm\registry.npmmirror.com+koa-router@10.1.1\node_modules\koa-router\lib\router.js:433:12)
    at dispatch (E:\forever25\tricolorcat\serve\node_modules\.pnpm\registry.npmmirror.com+koa-compose@4.1.0\node_modules\koa-compose\index.js:42:32)
    at dispatch (E:\forever25\tricolorcat\serve\node_modules\.pnpm\registry.npmmirror.com+koa-router@10.1.1\node_modules\koa-router\lib\router.js:353:32)
[2022-08-05T15:03:20.404] [ERROR] application - TypeError: Cannot read properties of undefined (reading 'createUserList')
    at list (E:\forever25\tricolorcat\serve\dist\/main.js:1:5385)
    at dispatch (E:\forever25\tricolorcat\serve\node_modules\.pnpm\registry.npmmirror.com+koa-compose@4.1.0\node_modules\koa-compose\index.js:42:32)
    at E:\forever25\tricolorcat\serve\node_modules\.pnpm\registry.npmmirror.com+koa-router@10.1.1\node_modules\koa-router\lib\router.js:372:16
    at dispatch (E:\forever25\tricolorcat\serve\node_modules\.pnpm\registry.npmmirror.com+koa-compose@4.1.0\node_modules\koa-compose\index.js:42:32)
    at E:\forever25\tricolorcat\serve\node_modules\.pnpm\registry.npmmirror.com+koa-compose@4.1.0\node_modules\koa-compose\index.js:34:12
    at dispatch (E:\forever25\tricolorcat\serve\node_modules\.pnpm\registry.npmmirror.com+koa-router@10.1.1\node_modules\koa-router\lib\router.js:377:31)
    at dispatch (E:\forever25\tricolorcat\serve\node_modules\.pnpm\registry.npmmirror.com+koa-compose@4.1.0\node_modules\koa-compose\index.js:42:32)
    at allowedMethods (E:\forever25\tricolorcat\serve\node_modules\.pnpm\registry.npmmirror.com+koa-router@10.1.1\node_modules\koa-router\lib\router.js:433:12)
    at dispatch (E:\forever25\tricolorcat\serve\node_modules\.pnpm\registry.npmmirror.com+koa-compose@4.1.0\node_modules\koa-compose\index.js:42:32)
    at dispatch (E:\forever25\tricolorcat\serve\node_modules\.pnpm\registry.npmmirror.com+koa-router@10.1.1\node_modules\koa-router\lib\router.js:353:32)
[2022-08-05T15:03:47.447] [ERROR] application - TypeError: Cannot read properties of undefined (reading 'createUserList')
    at list (E:\forever25\tricolorcat\serve\dist\/main.js:1:5372)
    at dispatch (E:\forever25\tricolorcat\serve\node_modules\.pnpm\registry.npmmirror.com+koa-compose@4.1.0\node_modules\koa-compose\index.js:42:32)
    at E:\forever25\tricolorcat\serve\node_modules\.pnpm\registry.npmmirror.com+koa-router@10.1.1\node_modules\koa-router\lib\router.js:372:16
    at dispatch (E:\forever25\tricolorcat\serve\node_modules\.pnpm\registry.npmmirror.com+koa-compose@4.1.0\node_modules\koa-compose\index.js:42:32)
    at E:\forever25\tricolorcat\serve\node_modules\.pnpm\registry.npmmirror.com+koa-compose@4.1.0\node_modules\koa-compose\index.js:34:12
    at dispatch (E:\forever25\tricolorcat\serve\node_modules\.pnpm\registry.npmmirror.com+koa-router@10.1.1\node_modules\koa-router\lib\router.js:377:31)
    at dispatch (E:\forever25\tricolorcat\serve\node_modules\.pnpm\registry.npmmirror.com+koa-compose@4.1.0\node_modules\koa-compose\index.js:42:32)
    at allowedMethods (E:\forever25\tricolorcat\serve\node_modules\.pnpm\registry.npmmirror.com+koa-router@10.1.1\node_modules\koa-router\lib\router.js:433:12)
    at dispatch (E:\forever25\tricolorcat\serve\node_modules\.pnpm\registry.npmmirror.com+koa-compose@4.1.0\node_modules\koa-compose\index.js:42:32)
    at dispatch (E:\forever25\tricolorcat\serve\node_modules\.pnpm\registry.npmmirror.com+koa-router@10.1.1\node_modules\koa-router\lib\router.js:353:32)
[2022-08-05T15:04:11.052] [ERROR] application - TypeError: Cannot read properties of undefined (reading 'createUserList')
    at list (E:\forever25\tricolorcat\serve\dist\/main.js:1:5372)
    at dispatch (E:\forever25\tricolorcat\serve\node_modules\.pnpm\registry.npmmirror.com+koa-compose@4.1.0\node_modules\koa-compose\index.js:42:32)
    at E:\forever25\tricolorcat\serve\node_modules\.pnpm\registry.npmmirror.com+koa-router@10.1.1\node_modules\koa-router\lib\router.js:372:16
    at dispatch (E:\forever25\tricolorcat\serve\node_modules\.pnpm\registry.npmmirror.com+koa-compose@4.1.0\node_modules\koa-compose\index.js:42:32)
    at E:\forever25\tricolorcat\serve\node_modules\.pnpm\registry.npmmirror.com+koa-compose@4.1.0\node_modules\koa-compose\index.js:34:12
    at dispatch (E:\forever25\tricolorcat\serve\node_modules\.pnpm\registry.npmmirror.com+koa-router@10.1.1\node_modules\koa-router\lib\router.js:377:31)
    at dispatch (E:\forever25\tricolorcat\serve\node_modules\.pnpm\registry.npmmirror.com+koa-compose@4.1.0\node_modules\koa-compose\index.js:42:32)
    at allowedMethods (E:\forever25\tricolorcat\serve\node_modules\.pnpm\registry.npmmirror.com+koa-router@10.1.1\node_modules\koa-router\lib\router.js:433:12)
    at dispatch (E:\forever25\tricolorcat\serve\node_modules\.pnpm\registry.npmmirror.com+koa-compose@4.1.0\node_modules\koa-compose\index.js:42:32)
    at dispatch (E:\forever25\tricolorcat\serve\node_modules\.pnpm\registry.npmmirror.com+koa-router@10.1.1\node_modules\koa-router\lib\router.js:353:32)
[2022-08-05T15:04:33.894] [ERROR] application - TypeError: Cannot read properties of undefined (reading 'createUserList')
    at list (E:\forever25\tricolorcat\serve\dist\/main.js:1:5403)
    at dispatch (E:\forever25\tricolorcat\serve\node_modules\.pnpm\registry.npmmirror.com+koa-compose@4.1.0\node_modules\koa-compose\index.js:42:32)
    at E:\forever25\tricolorcat\serve\node_modules\.pnpm\registry.npmmirror.com+koa-router@10.1.1\node_modules\koa-router\lib\router.js:372:16
    at dispatch (E:\forever25\tricolorcat\serve\node_modules\.pnpm\registry.npmmirror.com+koa-compose@4.1.0\node_modules\koa-compose\index.js:42:32)
    at E:\forever25\tricolorcat\serve\node_modules\.pnpm\registry.npmmirror.com+koa-compose@4.1.0\node_modules\koa-compose\index.js:34:12
    at dispatch (E:\forever25\tricolorcat\serve\node_modules\.pnpm\registry.npmmirror.com+koa-router@10.1.1\node_modules\koa-router\lib\router.js:377:31)
    at dispatch (E:\forever25\tricolorcat\serve\node_modules\.pnpm\registry.npmmirror.com+koa-compose@4.1.0\node_modules\koa-compose\index.js:42:32)
    at allowedMethods (E:\forever25\tricolorcat\serve\node_modules\.pnpm\registry.npmmirror.com+koa-router@10.1.1\node_modules\koa-router\lib\router.js:433:12)
    at dispatch (E:\forever25\tricolorcat\serve\node_modules\.pnpm\registry.npmmirror.com+koa-compose@4.1.0\node_modules\koa-compose\index.js:42:32)
    at dispatch (E:\forever25\tricolorcat\serve\node_modules\.pnpm\registry.npmmirror.com+koa-router@10.1.1\node_modules\koa-router\lib\router.js:353:32)
[2022-08-05T15:05:04.602] [ERROR] application - TypeError: Cannot read properties of undefined (reading 'createUserList')
    at list (E:\forever25\tricolorcat\serve\dist\/main.js:1:5418)
    at dispatch (E:\forever25\tricolorcat\serve\node_modules\.pnpm\registry.npmmirror.com+koa-compose@4.1.0\node_modules\koa-compose\index.js:42:32)
    at E:\forever25\tricolorcat\serve\node_modules\.pnpm\registry.npmmirror.com+koa-router@10.1.1\node_modules\koa-router\lib\router.js:372:16
    at dispatch (E:\forever25\tricolorcat\serve\node_modules\.pnpm\registry.npmmirror.com+koa-compose@4.1.0\node_modules\koa-compose\index.js:42:32)
    at E:\forever25\tricolorcat\serve\node_modules\.pnpm\registry.npmmirror.com+koa-compose@4.1.0\node_modules\koa-compose\index.js:34:12
    at dispatch (E:\forever25\tricolorcat\serve\node_modules\.pnpm\registry.npmmirror.com+koa-router@10.1.1\node_modules\koa-router\lib\router.js:377:31)
    at dispatch (E:\forever25\tricolorcat\serve\node_modules\.pnpm\registry.npmmirror.com+koa-compose@4.1.0\node_modules\koa-compose\index.js:42:32)
    at allowedMethods (E:\forever25\tricolorcat\serve\node_modules\.pnpm\registry.npmmirror.com+koa-router@10.1.1\node_modules\koa-router\lib\router.js:433:12)
    at dispatch (E:\forever25\tricolorcat\serve\node_modules\.pnpm\registry.npmmirror.com+koa-compose@4.1.0\node_modules\koa-compose\index.js:42:32)
    at dispatch (E:\forever25\tricolorcat\serve\node_modules\.pnpm\registry.npmmirror.com+koa-router@10.1.1\node_modules\koa-router\lib\router.js:353:32)
[2022-08-05T15:07:36.023] [ERROR] application - Executing (default): SELECT u.*,r.roleName roleName,r.id roleId FROM sys_users u,sys_roles r ,sys_user_roles  ur WHERE u.username LIKE '%aaa%' AND u.id=ur.uid AND ur.rid=r.id limit 0 10;
[2022-08-05T15:07:36.098] [ERROR] application - Error: 
    at Query.run (E:\forever25\tricolorcat\serve\node_modules\.pnpm\registry.npmmirror.com+sequelize@6.21.3_mysql2@2.3.3\node_modules\sequelize\src\dialects\mysql\query.js:46:25)
    at E:\forever25\tricolorcat\serve\node_modules\.pnpm\registry.npmmirror.com+sequelize@6.21.3_mysql2@2.3.3\node_modules\sequelize\src\sequelize.js:641:28
    at processTicksAndRejections (node:internal/process/task_queues:96:5)
    at list (E:\forever25\tricolorcat\serve\dist\/main.js:1:5382)
    at cors (E:\forever25\tricolorcat\serve\node_modules\.pnpm\registry.npmmirror.com+@koa+cors@3.3.0\node_modules\@koa\cors\index.js:60:32)
    at bodyParser (E:\forever25\tricolorcat\serve\node_modules\.pnpm\registry.npmmirror.com+koa-bodyparser@4.3.0\node_modules\koa-bodyparser\index.js:95:5)
    at E:\forever25\tricolorcat\serve\node_modules\.pnpm\registry.npmmirror.com+koa-log4@2.3.2\node_modules\koa-log4\koa-logger.js:86:7 {
  name: 'SequelizeDatabaseError',
  parent: Error: You have an error in your SQL syntax; check the manual that corresponds to your MySQL server version for the right syntax to use near '10' at line 1
      at Packet.asError (E:\forever25\tricolorcat\serve\node_modules\.pnpm\registry.npmmirror.com+mysql2@2.3.3\node_modules\mysql2\lib\packets\packet.js:728:17)
      at Query.execute (E:\forever25\tricolorcat\serve\node_modules\.pnpm\registry.npmmirror.com+mysql2@2.3.3\node_modules\mysql2\lib\commands\command.js:29:26)
      at Connection.handlePacket (E:\forever25\tricolorcat\serve\node_modules\.pnpm\registry.npmmirror.com+mysql2@2.3.3\node_modules\mysql2\lib\connection.js:456:32)
      at PacketParser.onPacket (E:\forever25\tricolorcat\serve\node_modules\.pnpm\registry.npmmirror.com+mysql2@2.3.3\node_modules\mysql2\lib\connection.js:85:12)
      at PacketParser.executeStart (E:\forever25\tricolorcat\serve\node_modules\.pnpm\registry.npmmirror.com+mysql2@2.3.3\node_modules\mysql2\lib\packet_parser.js:75:16)
      at Socket.<anonymous> (E:\forever25\tricolorcat\serve\node_modules\.pnpm\registry.npmmirror.com+mysql2@2.3.3\node_modules\mysql2\lib\connection.js:92:25)
      at Socket.emit (node:events:527:28)
      at Socket.emit (node:domain:475:12)
      at addChunk (node:internal/streams/readable:315:12)
      at readableAddChunk (node:internal/streams/readable:289:9) {
    code: 'ER_PARSE_ERROR',
    errno: 1064,
    sqlState: '42000',
    sqlMessage: "You have an error in your SQL syntax; check the manual that corresponds to your MySQL server version for the right syntax to use near '10' at line 1",
    sql: "SELECT u.*,r.roleName roleName,r.id roleId FROM sys_users u,sys_roles r ,sys_user_roles  ur WHERE u.username LIKE '%aaa%' AND u.id=ur.uid AND ur.rid=r.id limit 0 10;",
    parameters: undefined
  },
  original: Error: You have an error in your SQL syntax; check the manual that corresponds to your MySQL server version for the right syntax to use near '10' at line 1
      at Packet.asError (E:\forever25\tricolorcat\serve\node_modules\.pnpm\registry.npmmirror.com+mysql2@2.3.3\node_modules\mysql2\lib\packets\packet.js:728:17)
      at Query.execute (E:\forever25\tricolorcat\serve\node_modules\.pnpm\registry.npmmirror.com+mysql2@2.3.3\node_modules\mysql2\lib\commands\command.js:29:26)
      at Connection.handlePacket (E:\forever25\tricolorcat\serve\node_modules\.pnpm\registry.npmmirror.com+mysql2@2.3.3\node_modules\mysql2\lib\connection.js:456:32)
      at PacketParser.onPacket (E:\forever25\tricolorcat\serve\node_modules\.pnpm\registry.npmmirror.com+mysql2@2.3.3\node_modules\mysql2\lib\connection.js:85:12)
      at PacketParser.executeStart (E:\forever25\tricolorcat\serve\node_modules\.pnpm\registry.npmmirror.com+mysql2@2.3.3\node_modules\mysql2\lib\packet_parser.js:75:16)
      at Socket.<anonymous> (E:\forever25\tricolorcat\serve\node_modules\.pnpm\registry.npmmirror.com+mysql2@2.3.3\node_modules\mysql2\lib\connection.js:92:25)
      at Socket.emit (node:events:527:28)
      at Socket.emit (node:domain:475:12)
      at addChunk (node:internal/streams/readable:315:12)
      at readableAddChunk (node:internal/streams/readable:289:9) {
    code: 'ER_PARSE_ERROR',
    errno: 1064,
    sqlState: '42000',
    sqlMessage: "You have an error in your SQL syntax; check the manual that corresponds to your MySQL server version for the right syntax to use near '10' at line 1",
    sql: "SELECT u.*,r.roleName roleName,r.id roleId FROM sys_users u,sys_roles r ,sys_user_roles  ur WHERE u.username LIKE '%aaa%' AND u.id=ur.uid AND ur.rid=r.id limit 0 10;",
    parameters: undefined
  },
  sql: "SELECT u.*,r.roleName roleName,r.id roleId FROM sys_users u,sys_roles r ,sys_user_roles  ur WHERE u.username LIKE '%aaa%' AND u.id=ur.uid AND ur.rid=r.id limit 0 10;",
  parameters: {}
}
[2022-08-05T15:07:55.562] [ERROR] application - Executing (default): SELECT u.*,r.roleName roleName,r.id roleId FROM sys_users u,sys_roles r ,sys_user_roles  ur WHERE u.username LIKE '%aaa%' AND u.id=ur.uid AND ur.rid=r.id limit 0 10;
[2022-08-05T15:07:55.642] [ERROR] application - Error: 
    at Query.run (E:\forever25\tricolorcat\serve\node_modules\.pnpm\registry.npmmirror.com+sequelize@6.21.3_mysql2@2.3.3\node_modules\sequelize\src\dialects\mysql\query.js:46:25)
    at E:\forever25\tricolorcat\serve\node_modules\.pnpm\registry.npmmirror.com+sequelize@6.21.3_mysql2@2.3.3\node_modules\sequelize\src\sequelize.js:641:28
    at processTicksAndRejections (node:internal/process/task_queues:96:5)
    at list (E:\forever25\tricolorcat\serve\dist\/main.js:1:5434)
    at cors (E:\forever25\tricolorcat\serve\node_modules\.pnpm\registry.npmmirror.com+@koa+cors@3.3.0\node_modules\@koa\cors\index.js:60:32)
    at bodyParser (E:\forever25\tricolorcat\serve\node_modules\.pnpm\registry.npmmirror.com+koa-bodyparser@4.3.0\node_modules\koa-bodyparser\index.js:95:5)
    at E:\forever25\tricolorcat\serve\node_modules\.pnpm\registry.npmmirror.com+koa-log4@2.3.2\node_modules\koa-log4\koa-logger.js:86:7 {
  name: 'SequelizeDatabaseError',
  parent: Error: You have an error in your SQL syntax; check the manual that corresponds to your MySQL server version for the right syntax to use near '10' at line 1
      at Packet.asError (E:\forever25\tricolorcat\serve\node_modules\.pnpm\registry.npmmirror.com+mysql2@2.3.3\node_modules\mysql2\lib\packets\packet.js:728:17)
      at Query.execute (E:\forever25\tricolorcat\serve\node_modules\.pnpm\registry.npmmirror.com+mysql2@2.3.3\node_modules\mysql2\lib\commands\command.js:29:26)
      at Connection.handlePacket (E:\forever25\tricolorcat\serve\node_modules\.pnpm\registry.npmmirror.com+mysql2@2.3.3\node_modules\mysql2\lib\connection.js:456:32)
      at PacketParser.onPacket (E:\forever25\tricolorcat\serve\node_modules\.pnpm\registry.npmmirror.com+mysql2@2.3.3\node_modules\mysql2\lib\connection.js:85:12)
      at PacketParser.executeStart (E:\forever25\tricolorcat\serve\node_modules\.pnpm\registry.npmmirror.com+mysql2@2.3.3\node_modules\mysql2\lib\packet_parser.js:75:16)
      at Socket.<anonymous> (E:\forever25\tricolorcat\serve\node_modules\.pnpm\registry.npmmirror.com+mysql2@2.3.3\node_modules\mysql2\lib\connection.js:92:25)
      at Socket.emit (node:events:527:28)
      at Socket.emit (node:domain:475:12)
      at addChunk (node:internal/streams/readable:315:12)
      at readableAddChunk (node:internal/streams/readable:289:9) {
    code: 'ER_PARSE_ERROR',
    errno: 1064,
    sqlState: '42000',
    sqlMessage: "You have an error in your SQL syntax; check the manual that corresponds to your MySQL server version for the right syntax to use near '10' at line 1",
    sql: "SELECT u.*,r.roleName roleName,r.id roleId FROM sys_users u,sys_roles r ,sys_user_roles  ur WHERE u.username LIKE '%aaa%' AND u.id=ur.uid AND ur.rid=r.id limit 0 10;",
    parameters: undefined
  },
  original: Error: You have an error in your SQL syntax; check the manual that corresponds to your MySQL server version for the right syntax to use near '10' at line 1
      at Packet.asError (E:\forever25\tricolorcat\serve\node_modules\.pnpm\registry.npmmirror.com+mysql2@2.3.3\node_modules\mysql2\lib\packets\packet.js:728:17)
      at Query.execute (E:\forever25\tricolorcat\serve\node_modules\.pnpm\registry.npmmirror.com+mysql2@2.3.3\node_modules\mysql2\lib\commands\command.js:29:26)
      at Connection.handlePacket (E:\forever25\tricolorcat\serve\node_modules\.pnpm\registry.npmmirror.com+mysql2@2.3.3\node_modules\mysql2\lib\connection.js:456:32)
      at PacketParser.onPacket (E:\forever25\tricolorcat\serve\node_modules\.pnpm\registry.npmmirror.com+mysql2@2.3.3\node_modules\mysql2\lib\connection.js:85:12)
      at PacketParser.executeStart (E:\forever25\tricolorcat\serve\node_modules\.pnpm\registry.npmmirror.com+mysql2@2.3.3\node_modules\mysql2\lib\packet_parser.js:75:16)
      at Socket.<anonymous> (E:\forever25\tricolorcat\serve\node_modules\.pnpm\registry.npmmirror.com+mysql2@2.3.3\node_modules\mysql2\lib\connection.js:92:25)
      at Socket.emit (node:events:527:28)
      at Socket.emit (node:domain:475:12)
      at addChunk (node:internal/streams/readable:315:12)
      at readableAddChunk (node:internal/streams/readable:289:9) {
    code: 'ER_PARSE_ERROR',
    errno: 1064,
    sqlState: '42000',
    sqlMessage: "You have an error in your SQL syntax; check the manual that corresponds to your MySQL server version for the right syntax to use near '10' at line 1",
    sql: "SELECT u.*,r.roleName roleName,r.id roleId FROM sys_users u,sys_roles r ,sys_user_roles  ur WHERE u.username LIKE '%aaa%' AND u.id=ur.uid AND ur.rid=r.id limit 0 10;",
    parameters: undefined
  },
  sql: "SELECT u.*,r.roleName roleName,r.id roleId FROM sys_users u,sys_roles r ,sys_user_roles  ur WHERE u.username LIKE '%aaa%' AND u.id=ur.uid AND ur.rid=r.id limit 0 10;",
  parameters: {}
}
[2022-08-05T15:09:41.329] [ERROR] application - Executing (default): SELECT u.*,r.roleName roleName,r.id roleId FROM sys_users u,sys_roles r ,sys_user_roles  ur WHERE u.username LIKE '%aaa%' AND u.id=ur.uid AND ur.rid=r.id limit 0 10;
[2022-08-05T15:09:41.357] [ERROR] application - Error: 
    at Query.run (E:\forever25\tricolorcat\serve\node_modules\.pnpm\registry.npmmirror.com+sequelize@6.21.3_mysql2@2.3.3\node_modules\sequelize\src\dialects\mysql\query.js:46:25)
    at E:\forever25\tricolorcat\serve\node_modules\.pnpm\registry.npmmirror.com+sequelize@6.21.3_mysql2@2.3.3\node_modules\sequelize\src\sequelize.js:641:28
    at processTicksAndRejections (node:internal/process/task_queues:96:5)
    at list (E:\forever25\tricolorcat\serve\dist\/main.js:1:5434)
    at cors (E:\forever25\tricolorcat\serve\node_modules\.pnpm\registry.npmmirror.com+@koa+cors@3.3.0\node_modules\@koa\cors\index.js:60:32)
    at bodyParser (E:\forever25\tricolorcat\serve\node_modules\.pnpm\registry.npmmirror.com+koa-bodyparser@4.3.0\node_modules\koa-bodyparser\index.js:95:5)
    at E:\forever25\tricolorcat\serve\node_modules\.pnpm\registry.npmmirror.com+koa-log4@2.3.2\node_modules\koa-log4\koa-logger.js:86:7 {
  name: 'SequelizeDatabaseError',
  parent: Error: You have an error in your SQL syntax; check the manual that corresponds to your MySQL server version for the right syntax to use near '10' at line 1
      at Packet.asError (E:\forever25\tricolorcat\serve\node_modules\.pnpm\registry.npmmirror.com+mysql2@2.3.3\node_modules\mysql2\lib\packets\packet.js:728:17)
      at Query.execute (E:\forever25\tricolorcat\serve\node_modules\.pnpm\registry.npmmirror.com+mysql2@2.3.3\node_modules\mysql2\lib\commands\command.js:29:26)
      at Connection.handlePacket (E:\forever25\tricolorcat\serve\node_modules\.pnpm\registry.npmmirror.com+mysql2@2.3.3\node_modules\mysql2\lib\connection.js:456:32)
      at PacketParser.onPacket (E:\forever25\tricolorcat\serve\node_modules\.pnpm\registry.npmmirror.com+mysql2@2.3.3\node_modules\mysql2\lib\connection.js:85:12)
      at PacketParser.executeStart (E:\forever25\tricolorcat\serve\node_modules\.pnpm\registry.npmmirror.com+mysql2@2.3.3\node_modules\mysql2\lib\packet_parser.js:75:16)
      at Socket.<anonymous> (E:\forever25\tricolorcat\serve\node_modules\.pnpm\registry.npmmirror.com+mysql2@2.3.3\node_modules\mysql2\lib\connection.js:92:25)
      at Socket.emit (node:events:527:28)
      at Socket.emit (node:domain:475:12)
      at addChunk (node:internal/streams/readable:315:12)
      at readableAddChunk (node:internal/streams/readable:289:9) {
    code: 'ER_PARSE_ERROR',
    errno: 1064,
    sqlState: '42000',
    sqlMessage: "You have an error in your SQL syntax; check the manual that corresponds to your MySQL server version for the right syntax to use near '10' at line 1",
    sql: "SELECT u.*,r.roleName roleName,r.id roleId FROM sys_users u,sys_roles r ,sys_user_roles  ur WHERE u.username LIKE '%aaa%' AND u.id=ur.uid AND ur.rid=r.id limit 0 10;",
    parameters: undefined
  },
  original: Error: You have an error in your SQL syntax; check the manual that corresponds to your MySQL server version for the right syntax to use near '10' at line 1
      at Packet.asError (E:\forever25\tricolorcat\serve\node_modules\.pnpm\registry.npmmirror.com+mysql2@2.3.3\node_modules\mysql2\lib\packets\packet.js:728:17)
      at Query.execute (E:\forever25\tricolorcat\serve\node_modules\.pnpm\registry.npmmirror.com+mysql2@2.3.3\node_modules\mysql2\lib\commands\command.js:29:26)
      at Connection.handlePacket (E:\forever25\tricolorcat\serve\node_modules\.pnpm\registry.npmmirror.com+mysql2@2.3.3\node_modules\mysql2\lib\connection.js:456:32)
      at PacketParser.onPacket (E:\forever25\tricolorcat\serve\node_modules\.pnpm\registry.npmmirror.com+mysql2@2.3.3\node_modules\mysql2\lib\connection.js:85:12)
      at PacketParser.executeStart (E:\forever25\tricolorcat\serve\node_modules\.pnpm\registry.npmmirror.com+mysql2@2.3.3\node_modules\mysql2\lib\packet_parser.js:75:16)
      at Socket.<anonymous> (E:\forever25\tricolorcat\serve\node_modules\.pnpm\registry.npmmirror.com+mysql2@2.3.3\node_modules\mysql2\lib\connection.js:92:25)
      at Socket.emit (node:events:527:28)
      at Socket.emit (node:domain:475:12)
      at addChunk (node:internal/streams/readable:315:12)
      at readableAddChunk (node:internal/streams/readable:289:9) {
    code: 'ER_PARSE_ERROR',
    errno: 1064,
    sqlState: '42000',
    sqlMessage: "You have an error in your SQL syntax; check the manual that corresponds to your MySQL server version for the right syntax to use near '10' at line 1",
    sql: "SELECT u.*,r.roleName roleName,r.id roleId FROM sys_users u,sys_roles r ,sys_user_roles  ur WHERE u.username LIKE '%aaa%' AND u.id=ur.uid AND ur.rid=r.id limit 0 10;",
    parameters: undefined
  },
  sql: "SELECT u.*,r.roleName roleName,r.id roleId FROM sys_users u,sys_roles r ,sys_user_roles  ur WHERE u.username LIKE '%aaa%' AND u.id=ur.uid AND ur.rid=r.id limit 0 10;",
  parameters: {}
}
[2022-08-05T15:52:29.081] [ERROR] application - Executing (default): select 
    su.*,sr.roleName ,sr.id roleId
    from 
    monitor.sys_users su
    left join monitor.sys_user_roles sur  on su.id=sur.uid 
    left join monitor.sys_roles sr on sr.id=sur.uid 
    where 
    su.username like '%aaa%' limit 0 10;
[2022-08-05T15:52:29.195] [ERROR] application - Error: 
    at Query.run (E:\forever25\tricolorcat\serve\node_modules\.pnpm\registry.npmmirror.com+sequelize@6.21.3_mysql2@2.3.3\node_modules\sequelize\src\dialects\mysql\query.js:46:25)
    at E:\forever25\tricolorcat\serve\node_modules\.pnpm\registry.npmmirror.com+sequelize@6.21.3_mysql2@2.3.3\node_modules\sequelize\src\sequelize.js:641:28
    at processTicksAndRejections (node:internal/process/task_queues:96:5)
    at list (E:\forever25\tricolorcat\serve\dist\/main.js:1:5518)
    at cors (E:\forever25\tricolorcat\serve\node_modules\.pnpm\registry.npmmirror.com+@koa+cors@3.3.0\node_modules\@koa\cors\index.js:60:32)
    at bodyParser (E:\forever25\tricolorcat\serve\node_modules\.pnpm\registry.npmmirror.com+koa-bodyparser@4.3.0\node_modules\koa-bodyparser\index.js:95:5)
    at E:\forever25\tricolorcat\serve\node_modules\.pnpm\registry.npmmirror.com+koa-log4@2.3.2\node_modules\koa-log4\koa-logger.js:86:7 {
  name: 'SequelizeDatabaseError',
  parent: Error: You have an error in your SQL syntax; check the manual that corresponds to your MySQL server version for the right syntax to use near '10' at line 3
      at Packet.asError (E:\forever25\tricolorcat\serve\node_modules\.pnpm\registry.npmmirror.com+mysql2@2.3.3\node_modules\mysql2\lib\packets\packet.js:728:17)
      at Query.execute (E:\forever25\tricolorcat\serve\node_modules\.pnpm\registry.npmmirror.com+mysql2@2.3.3\node_modules\mysql2\lib\commands\command.js:29:26)
      at Connection.handlePacket (E:\forever25\tricolorcat\serve\node_modules\.pnpm\registry.npmmirror.com+mysql2@2.3.3\node_modules\mysql2\lib\connection.js:456:32)
      at PacketParser.onPacket (E:\forever25\tricolorcat\serve\node_modules\.pnpm\registry.npmmirror.com+mysql2@2.3.3\node_modules\mysql2\lib\connection.js:85:12)
      at PacketParser.executeStart (E:\forever25\tricolorcat\serve\node_modules\.pnpm\registry.npmmirror.com+mysql2@2.3.3\node_modules\mysql2\lib\packet_parser.js:75:16)
      at Socket.<anonymous> (E:\forever25\tricolorcat\serve\node_modules\.pnpm\registry.npmmirror.com+mysql2@2.3.3\node_modules\mysql2\lib\connection.js:92:25)
      at Socket.emit (node:events:527:28)
      at Socket.emit (node:domain:475:12)
      at addChunk (node:internal/streams/readable:315:12)
      at readableAddChunk (node:internal/streams/readable:289:9) {
    code: 'ER_PARSE_ERROR',
    errno: 1064,
    sqlState: '42000',
    sqlMessage: "You have an error in your SQL syntax; check the manual that corresponds to your MySQL server version for the right syntax to use near '10' at line 3",
    sql: 'select \n' +
      '    su.*,sr.roleName ,sr.id roleId\n' +
      '    from \n' +
      '    monitor.sys_users su\n' +
      '    left join monitor.sys_user_roles sur  on su.id=sur.uid \n' +
      '    left join monitor.sys_roles sr on sr.id=sur.uid \n' +
      '    where \n' +
      "    su.username like '%aaa%' limit 0 10;",
    parameters: undefined
  },
  original: Error: You have an error in your SQL syntax; check the manual that corresponds to your MySQL server version for the right syntax to use near '10' at line 3
      at Packet.asError (E:\forever25\tricolorcat\serve\node_modules\.pnpm\registry.npmmirror.com+mysql2@2.3.3\node_modules\mysql2\lib\packets\packet.js:728:17)
      at Query.execute (E:\forever25\tricolorcat\serve\node_modules\.pnpm\registry.npmmirror.com+mysql2@2.3.3\node_modules\mysql2\lib\commands\command.js:29:26)
      at Connection.handlePacket (E:\forever25\tricolorcat\serve\node_modules\.pnpm\registry.npmmirror.com+mysql2@2.3.3\node_modules\mysql2\lib\connection.js:456:32)
      at PacketParser.onPacket (E:\forever25\tricolorcat\serve\node_modules\.pnpm\registry.npmmirror.com+mysql2@2.3.3\node_modules\mysql2\lib\connection.js:85:12)
      at PacketParser.executeStart (E:\forever25\tricolorcat\serve\node_modules\.pnpm\registry.npmmirror.com+mysql2@2.3.3\node_modules\mysql2\lib\packet_parser.js:75:16)
      at Socket.<anonymous> (E:\forever25\tricolorcat\serve\node_modules\.pnpm\registry.npmmirror.com+mysql2@2.3.3\node_modules\mysql2\lib\connection.js:92:25)
      at Socket.emit (node:events:527:28)
      at Socket.emit (node:domain:475:12)
      at addChunk (node:internal/streams/readable:315:12)
      at readableAddChunk (node:internal/streams/readable:289:9) {
    code: 'ER_PARSE_ERROR',
    errno: 1064,
    sqlState: '42000',
    sqlMessage: "You have an error in your SQL syntax; check the manual that corresponds to your MySQL server version for the right syntax to use near '10' at line 3",
    sql: 'select \n' +
      '    su.*,sr.roleName ,sr.id roleId\n' +
      '    from \n' +
      '    monitor.sys_users su\n' +
      '    left join monitor.sys_user_roles sur  on su.id=sur.uid \n' +
      '    left join monitor.sys_roles sr on sr.id=sur.uid \n' +
      '    where \n' +
      "    su.username like '%aaa%' limit 0 10;",
    parameters: undefined
  },
  sql: 'select \n' +
    '    su.*,sr.roleName ,sr.id roleId\n' +
    '    from \n' +
    '    monitor.sys_users su\n' +
    '    left join monitor.sys_user_roles sur  on su.id=sur.uid \n' +
    '    left join monitor.sys_roles sr on sr.id=sur.uid \n' +
    '    where \n' +
    "    su.username like '%aaa%' limit 0 10;",
  parameters: {}
}
[2022-08-05T15:55:21.924] [ERROR] application - Executing (default): select 
    su.*,sr.roleName ,sr.id roleId
    from 
    monitor.sys_users su
    left join monitor.sys_user_roles sur  on su.id=sur.uid 
    left join monitor.sys_roles sr on sr.id=sur.uid 
    where 
    su.username like '%aaa%' limit 0,10;
[2022-08-05T15:55:21.981] [ERROR] application - Executing (default): SELECT FOUND_ROWS() AS count
[2022-08-05T15:56:05.516] [ERROR] application - Executing (default): select 
    su.*,sr.roleName ,sr.id roleId
    from 
    monitor.sys_users su
    left join monitor.sys_user_roles sur  on su.id=sur.uid 
    left join monitor.sys_roles sr on sr.id=sur.uid 
    where 
    su.username like '%aaa%' limit 0,10;
[2022-08-05T15:56:05.571] [ERROR] application - Executing (default): SELECT FOUND_ROWS() AS count
[2022-08-05T15:56:28.472] [ERROR] application - Executing (default): select 
    su.*,sr.roleName ,sr.id roleId
    from 
    monitor.sys_users su
    left join monitor.sys_user_roles sur  on su.id=sur.uid 
    left join monitor.sys_roles sr on sr.id=sur.uid 
    where 
    su.username like '%aaa%' limit 0,10;
[2022-08-05T15:56:28.523] [ERROR] application - Executing (default): SELECT FOUND_ROWS() AS count
[2022-08-05T15:57:28.485] [ERROR] application - Executing (default): select 
    su.*,sr.roleName ,sr.id roleId
    from 
    monitor.sys_users su
    left join monitor.sys_user_roles sur  on su.id=sur.uid 
    left join monitor.sys_roles sr on sr.id=sur.uid 
    where 
    su.username like '%aaa%' limit 0,10;
[2022-08-05T15:57:28.513] [ERROR] application - Executing (default): SELECT FOUND_ROWS() AS count
[2022-08-05T16:02:29.778] [ERROR] application - Executing (default): select 
    su.*,sr.roleName ,sr.id roleId
    from 
    monitor.sys_users su
    left join monitor.sys_user_roles sur  on su.id=sur.uid 
    left join monitor.sys_roles sr on sr.id=sur.uid 
    where 
    su.username like '%aaa%' limit 0,10;
[2022-08-05T16:02:29.815] [ERROR] application - Executing (default): SELECT FOUND_ROWS() AS count
[2022-08-05T16:02:38.859] [ERROR] application - Executing (default): select 
    su.*,sr.roleName ,sr.id roleId
    from 
    monitor.sys_users su
    left join monitor.sys_user_roles sur  on su.id=sur.uid 
    left join monitor.sys_roles sr on sr.id=sur.uid 
    where 
    su.username like '%%' limit 0,10;
[2022-08-05T16:02:38.885] [ERROR] application - Executing (default): SELECT FOUND_ROWS() AS count
[2022-08-05T16:03:57.351] [ERROR] application - Executing (default): select 
    su.*,sr.roleName ,sr.id roleId
    from 
    monitor.sys_users su
    left join monitor.sys_user_roles sur  on su.id=sur.uid 
    left join monitor.sys_roles sr on sr.id=sur.uid 
    where 
    su.username like '%admin123%' limit 0,10;
[2022-08-05T16:03:57.394] [ERROR] application - Executing (default): SELECT FOUND_ROWS() AS count
[2022-08-05T16:09:18.320] [ERROR] application - Executing (default): select 
    su.*,sr.roleName ,sr.id roleId
    from 
    monitor.sys_users su
    left join monitor.sys_user_roles sur  on su.id=sur.uid 
    left join monitor.sys_roles sr on sr.id=sur.uid 
    where 
    su.username like '%admin123%' limit 0,10;
[2022-08-05T16:09:18.363] [ERROR] application - Executing (default): SELECT FOUND_ROWS() AS count
[2022-08-05T16:10:31.943] [ERROR] application - ReferenceError: regular is not defined
    at save (E:\forever25\tricolorcat\serve\dist\/main.js:1:5762)
    at dispatch (E:\forever25\tricolorcat\serve\node_modules\.pnpm\registry.npmmirror.com+koa-compose@4.1.0\node_modules\koa-compose\index.js:42:32)
    at E:\forever25\tricolorcat\serve\node_modules\.pnpm\registry.npmmirror.com+koa-router@10.1.1\node_modules\koa-router\lib\router.js:372:16
    at dispatch (E:\forever25\tricolorcat\serve\node_modules\.pnpm\registry.npmmirror.com+koa-compose@4.1.0\node_modules\koa-compose\index.js:42:32)
    at E:\forever25\tricolorcat\serve\node_modules\.pnpm\registry.npmmirror.com+koa-compose@4.1.0\node_modules\koa-compose\index.js:34:12
    at dispatch (E:\forever25\tricolorcat\serve\node_modules\.pnpm\registry.npmmirror.com+koa-router@10.1.1\node_modules\koa-router\lib\router.js:377:31)
    at dispatch (E:\forever25\tricolorcat\serve\node_modules\.pnpm\registry.npmmirror.com+koa-compose@4.1.0\node_modules\koa-compose\index.js:42:32)
    at allowedMethods (E:\forever25\tricolorcat\serve\node_modules\.pnpm\registry.npmmirror.com+koa-router@10.1.1\node_modules\koa-router\lib\router.js:433:12)
    at dispatch (E:\forever25\tricolorcat\serve\node_modules\.pnpm\registry.npmmirror.com+koa-compose@4.1.0\node_modules\koa-compose\index.js:42:32)
    at dispatch (E:\forever25\tricolorcat\serve\node_modules\.pnpm\registry.npmmirror.com+koa-router@10.1.1\node_modules\koa-router\lib\router.js:353:32)
[2022-08-05T16:11:19.514] [ERROR] application - ReferenceError: regular is not defined
    at save (E:\forever25\tricolorcat\serve\dist\/main.js:1:5762)
    at dispatch (E:\forever25\tricolorcat\serve\node_modules\.pnpm\registry.npmmirror.com+koa-compose@4.1.0\node_modules\koa-compose\index.js:42:32)
    at E:\forever25\tricolorcat\serve\node_modules\.pnpm\registry.npmmirror.com+koa-router@10.1.1\node_modules\koa-router\lib\router.js:372:16
    at dispatch (E:\forever25\tricolorcat\serve\node_modules\.pnpm\registry.npmmirror.com+koa-compose@4.1.0\node_modules\koa-compose\index.js:42:32)
    at E:\forever25\tricolorcat\serve\node_modules\.pnpm\registry.npmmirror.com+koa-compose@4.1.0\node_modules\koa-compose\index.js:34:12
    at dispatch (E:\forever25\tricolorcat\serve\node_modules\.pnpm\registry.npmmirror.com+koa-router@10.1.1\node_modules\koa-router\lib\router.js:377:31)
    at dispatch (E:\forever25\tricolorcat\serve\node_modules\.pnpm\registry.npmmirror.com+koa-compose@4.1.0\node_modules\koa-compose\index.js:42:32)
    at allowedMethods (E:\forever25\tricolorcat\serve\node_modules\.pnpm\registry.npmmirror.com+koa-router@10.1.1\node_modules\koa-router\lib\router.js:433:12)
    at dispatch (E:\forever25\tricolorcat\serve\node_modules\.pnpm\registry.npmmirror.com+koa-compose@4.1.0\node_modules\koa-compose\index.js:42:32)
    at dispatch (E:\forever25\tricolorcat\serve\node_modules\.pnpm\registry.npmmirror.com+koa-router@10.1.1\node_modules\koa-router\lib\router.js:353:32)
[2022-08-05T16:15:31.230] [ERROR] application - Executing (default): SELECT `id`, `username`, `password`, `email`, `phone`, `status`, `createdAt`, `updatedAt` FROM `sys_users` AS `a` WHERE `a`.`username` = 'admin';
[2022-08-05T16:15:31.268] [ERROR] application - TypeError: Cannot read properties of null (reading 'id')
    at save (E:\forever25\tricolorcat\serve\dist\/main.js:1:5980)
    at processTicksAndRejections (node:internal/process/task_queues:96:5)
    at cors (E:\forever25\tricolorcat\serve\node_modules\.pnpm\registry.npmmirror.com+@koa+cors@3.3.0\node_modules\@koa\cors\index.js:60:32)
    at bodyParser (E:\forever25\tricolorcat\serve\node_modules\.pnpm\registry.npmmirror.com+koa-bodyparser@4.3.0\node_modules\koa-bodyparser\index.js:95:5)
    at E:\forever25\tricolorcat\serve\node_modules\.pnpm\registry.npmmirror.com+koa-log4@2.3.2\node_modules\koa-log4\koa-logger.js:86:7
[2022-08-05T16:16:24.218] [ERROR] application - Executing (default): SELECT `id`, `username`, `password`, `email`, `phone`, `status`, `createdAt`, `updatedAt` FROM `sys_users` AS `a` WHERE `a`.`username` = 'admin';
[2022-08-05T16:16:24.257] [ERROR] application - TypeError: Cannot read properties of null (reading 'id')
    at save (E:\forever25\tricolorcat\serve\dist\/main.js:1:5981)
    at processTicksAndRejections (node:internal/process/task_queues:96:5)
    at cors (E:\forever25\tricolorcat\serve\node_modules\.pnpm\registry.npmmirror.com+@koa+cors@3.3.0\node_modules\@koa\cors\index.js:60:32)
    at bodyParser (E:\forever25\tricolorcat\serve\node_modules\.pnpm\registry.npmmirror.com+koa-bodyparser@4.3.0\node_modules\koa-bodyparser\index.js:95:5)
    at E:\forever25\tricolorcat\serve\node_modules\.pnpm\registry.npmmirror.com+koa-log4@2.3.2\node_modules\koa-log4\koa-logger.js:86:7
[2022-08-05T16:19:06.248] [ERROR] application - Executing (default): SELECT `id`, `username`, `password`, `email`, `phone`, `status`, `createdAt`, `updatedAt` FROM `sys_users` AS `a` WHERE `a`.`username` = 'admin';
[2022-08-05T16:19:06.293] [ERROR] application - TypeError: Cannot read properties of null (reading 'id')
    at save (E:\forever25\tricolorcat\serve\dist\/main.js:1:6004)
    at processTicksAndRejections (node:internal/process/task_queues:96:5)
    at cors (E:\forever25\tricolorcat\serve\node_modules\.pnpm\registry.npmmirror.com+@koa+cors@3.3.0\node_modules\@koa\cors\index.js:60:32)
    at bodyParser (E:\forever25\tricolorcat\serve\node_modules\.pnpm\registry.npmmirror.com+koa-bodyparser@4.3.0\node_modules\koa-bodyparser\index.js:95:5)
    at E:\forever25\tricolorcat\serve\node_modules\.pnpm\registry.npmmirror.com+koa-log4@2.3.2\node_modules\koa-log4\koa-logger.js:86:7
[2022-08-05T16:31:30.331] [ERROR] application - Executing (default): SELECT `id`, `username`, `password`, `email`, `phone`, `status`, `createdAt`, `updatedAt` FROM `sys_users` AS `a` WHERE `a`.`username` = 'aaa';
[2022-08-05T16:40:05.965] [ERROR] application - Executing (475f1fd5-a282-4068-8e1a-7f4de25d728c): START TRANSACTION;
[2022-08-05T16:40:05.998] [ERROR] application - Executing (475f1fd5-a282-4068-8e1a-7f4de25d728c): SELECT `id`, `username`, `password`, `email`, `phone`, `status`, `createdAt`, `updatedAt` FROM `sys_users` AS `a` WHERE `a`.`username` = 'aaa';
[2022-08-05T16:40:06.027] [ERROR] application - Executing (475f1fd5-a282-4068-8e1a-7f4de25d728c): COMMIT;
[2022-08-05T16:44:36.118] [ERROR] application - Executing (8d63fcf5-0729-4dc3-8a28-ebc67919329e): START TRANSACTION;
[2022-08-05T16:44:36.176] [ERROR] application - Executing (8d63fcf5-0729-4dc3-8a28-ebc67919329e): SELECT `id`, `username`, `password`, `email`, `phone`, `status`, `createdAt`, `updatedAt` FROM `sys_users` AS `a` WHERE `a`.`username` = 'aaa';
[2022-08-05T16:44:36.213] [ERROR] application - Executing (8d63fcf5-0729-4dc3-8a28-ebc67919329e): COMMIT;
[2022-08-05T16:44:44.754] [ERROR] application - Executing (114278d9-7f2d-4cdc-a178-d220955e1835): START TRANSACTION;
[2022-08-05T16:44:44.779] [ERROR] application - Executing (114278d9-7f2d-4cdc-a178-d220955e1835): SELECT `id`, `username`, `password`, `email`, `phone`, `status`, `createdAt`, `updatedAt` FROM `sys_users` AS `a` WHERE `a`.`username` = 'admin';
[2022-08-05T16:44:44.814] [ERROR] application - Executing (114278d9-7f2d-4cdc-a178-d220955e1835): INSERT INTO `sys_users` (`id`,`username`,`password`,`email`,`phone`,`status`,`createdAt`,`updatedAt`) VALUES (DEFAULT,?,?,?,?,?,?,?);
[2022-08-05T16:44:44.862] [ERROR] application - Executing (114278d9-7f2d-4cdc-a178-d220955e1835): COMMIT;
[2022-08-05T16:44:44.889] [ERROR] application - Executing (default): SELECT `id`, `roleName`, `roleCode`, `isDefault`, `status`, `createdAt`, `updatedAt` FROM `sys_roles` AS `o` WHERE `o`.`isDefault` = 1 LIMIT 1;
[2022-08-05T16:44:44.918] [ERROR] application - Executing (a4556c74-c05a-41ee-afb1-dc3e6f0e412a): START TRANSACTION;
[2022-08-05T16:44:44.919] [ERROR] application - TypeError: i.Z.findOrCreate(...).spread is not a function
    at E:\forever25\tricolorcat\serve\dist\/main.js:1:4890
    at new Promise (<anonymous>)
    at Function.updateUserRole (E:\forever25\tricolorcat\serve\dist\/main.js:1:4818)
    at save (E:\forever25\tricolorcat\serve\dist\/main.js:1:6160)
    at processTicksAndRejections (node:internal/process/task_queues:96:5)
    at cors (E:\forever25\tricolorcat\serve\node_modules\.pnpm\registry.npmmirror.com+@koa+cors@3.3.0\node_modules\@koa\cors\index.js:60:32)
    at bodyParser (E:\forever25\tricolorcat\serve\node_modules\.pnpm\registry.npmmirror.com+koa-bodyparser@4.3.0\node_modules\koa-bodyparser\index.js:95:5)
    at E:\forever25\tricolorcat\serve\node_modules\.pnpm\registry.npmmirror.com+koa-log4@2.3.2\node_modules\koa-log4\koa-logger.js:86:7
[2022-08-05T16:44:44.993] [ERROR] application - Executing (a4556c74-c05a-41ee-afb1-dc3e6f0e412a): SELECT `id`, `uid`, `rid`, `createdAt`, `updatedAt` FROM `sys_user_roles` AS `o` WHERE `o`.`uid` = 3 LIMIT 1;
[2022-08-05T16:44:45.018] [ERROR] application - Executing (a4556c74-c05a-41ee-afb1-dc3e6f0e412a): INSERT INTO `sys_user_roles` (`id`,`uid`,`rid`,`createdAt`,`updatedAt`) VALUES (DEFAULT,?,?,?,?);
[2022-08-05T16:44:45.064] [ERROR] application - Executing (a4556c74-c05a-41ee-afb1-dc3e6f0e412a): COMMIT;
[2022-08-05T16:45:47.195] [ERROR] application - Executing (818b89c2-ae24-4246-8cc1-f07e2b52a982): START TRANSACTION;
[2022-08-05T16:45:47.244] [ERROR] application - Executing (818b89c2-ae24-4246-8cc1-f07e2b52a982): SELECT `id`, `username`, `password`, `email`, `phone`, `status`, `createdAt`, `updatedAt` FROM `sys_users` AS `a` WHERE `a`.`username` = 'admin';
[2022-08-05T16:45:47.294] [ERROR] application - Executing (818b89c2-ae24-4246-8cc1-f07e2b52a982): INSERT INTO `sys_users` (`id`,`username`,`password`,`email`,`phone`,`status`,`createdAt`,`updatedAt`) VALUES (DEFAULT,?,?,?,?,?,?,?);
[2022-08-05T16:45:47.354] [ERROR] application - Executing (818b89c2-ae24-4246-8cc1-f07e2b52a982): COMMIT;
[2022-08-05T16:45:47.394] [ERROR] application - Executing (default): SELECT `id`, `roleName`, `roleCode`, `isDefault`, `status`, `createdAt`, `updatedAt` FROM `sys_roles` AS `o` WHERE `o`.`isDefault` = 1 LIMIT 1;
[2022-08-05T16:45:47.421] [ERROR] application - Executing (7634887c-a9ee-4383-8cb8-2906b6418db8): START TRANSACTION;
[2022-08-05T16:45:47.423] [ERROR] application - TypeError: i.Z.findOrCreate(...).spread is not a function
    at E:\forever25\tricolorcat\serve\dist\/main.js:1:4890
    at new Promise (<anonymous>)
    at Function.updateUserRole (E:\forever25\tricolorcat\serve\dist\/main.js:1:4818)
    at save (E:\forever25\tricolorcat\serve\dist\/main.js:1:6175)
    at processTicksAndRejections (node:internal/process/task_queues:96:5)
    at cors (E:\forever25\tricolorcat\serve\node_modules\.pnpm\registry.npmmirror.com+@koa+cors@3.3.0\node_modules\@koa\cors\index.js:60:32)
    at bodyParser (E:\forever25\tricolorcat\serve\node_modules\.pnpm\registry.npmmirror.com+koa-bodyparser@4.3.0\node_modules\koa-bodyparser\index.js:95:5)
    at E:\forever25\tricolorcat\serve\node_modules\.pnpm\registry.npmmirror.com+koa-log4@2.3.2\node_modules\koa-log4\koa-logger.js:86:7
[2022-08-05T16:45:47.469] [ERROR] application - Executing (7634887c-a9ee-4383-8cb8-2906b6418db8): SELECT `id`, `uid`, `rid`, `createdAt`, `updatedAt` FROM `sys_user_roles` AS `o` WHERE `o`.`uid` = 4 LIMIT 1;
[2022-08-05T16:45:47.496] [ERROR] application - Executing (7634887c-a9ee-4383-8cb8-2906b6418db8): INSERT INTO `sys_user_roles` (`id`,`uid`,`rid`,`createdAt`,`updatedAt`) VALUES (DEFAULT,?,?,?,?);
[2022-08-05T16:45:47.546] [ERROR] application - Executing (7634887c-a9ee-4383-8cb8-2906b6418db8): COMMIT;
[2022-08-05T16:52:07.754] [ERROR] application - Executing (9481eb90-57cc-4c12-9736-756e8aec5557): START TRANSACTION;
[2022-08-05T16:52:07.835] [ERROR] application - Executing (9481eb90-57cc-4c12-9736-756e8aec5557): SELECT `id`, `username`, `password`, `email`, `phone`, `status`, `createdAt`, `updatedAt` FROM `sys_users` AS `a` WHERE `a`.`username` = 'admin';
[2022-08-05T16:52:07.881] [ERROR] application - Executing (9481eb90-57cc-4c12-9736-756e8aec5557): INSERT INTO `sys_users` (`id`,`username`,`password`,`email`,`phone`,`status`,`createdAt`,`updatedAt`) VALUES (DEFAULT,?,?,?,?,?,?,?);
[2022-08-05T16:52:07.932] [ERROR] application - Executing (9481eb90-57cc-4c12-9736-756e8aec5557): COMMIT;
[2022-08-05T16:52:07.963] [ERROR] application - Executing (default): SELECT `id`, `roleName`, `roleCode`, `isDefault`, `status`, `createdAt`, `updatedAt` FROM `sys_roles` AS `o` WHERE `o`.`isDefault` = 1 LIMIT 1;
[2022-08-05T16:52:07.991] [ERROR] application - Executing (3ca3ae66-c796-4557-98f9-211363188252): START TRANSACTION;
[2022-08-05T16:52:07.993] [ERROR] application - TypeError: i.Z.findOrCreate(...).spread is not a function
    at E:\forever25\tricolorcat\serve\dist\/main.js:1:4890
    at new Promise (<anonymous>)
    at Function.updateUserRole (E:\forever25\tricolorcat\serve\dist\/main.js:1:4818)
    at save (E:\forever25\tricolorcat\serve\dist\/main.js:1:6177)
    at processTicksAndRejections (node:internal/process/task_queues:96:5)
    at cors (E:\forever25\tricolorcat\serve\node_modules\.pnpm\registry.npmmirror.com+@koa+cors@3.3.0\node_modules\@koa\cors\index.js:60:32)
    at bodyParser (E:\forever25\tricolorcat\serve\node_modules\.pnpm\registry.npmmirror.com+koa-bodyparser@4.3.0\node_modules\koa-bodyparser\index.js:95:5)
    at E:\forever25\tricolorcat\serve\node_modules\.pnpm\registry.npmmirror.com+koa-log4@2.3.2\node_modules\koa-log4\koa-logger.js:86:7
[2022-08-05T16:52:08.041] [ERROR] application - Executing (3ca3ae66-c796-4557-98f9-211363188252): SELECT `id`, `uid`, `rid`, `createdAt`, `updatedAt` FROM `sys_user_roles` AS `o` WHERE `o`.`uid` = 5 LIMIT 1;
[2022-08-05T16:52:08.068] [ERROR] application - Executing (3ca3ae66-c796-4557-98f9-211363188252): INSERT INTO `sys_user_roles` (`id`,`uid`,`rid`,`createdAt`,`updatedAt`) VALUES (DEFAULT,?,?,?,?);
[2022-08-05T16:52:08.117] [ERROR] application - Executing (3ca3ae66-c796-4557-98f9-211363188252): COMMIT;
[2022-08-05T16:53:06.392] [ERROR] application - Executing (dc7d6037-d672-4639-ad65-be6e63dd90ca): START TRANSACTION;
[2022-08-05T16:53:06.446] [ERROR] application - Executing (dc7d6037-d672-4639-ad65-be6e63dd90ca): SELECT `id`, `username`, `password`, `email`, `phone`, `status`, `createdAt`, `updatedAt` FROM `sys_users` AS `a` WHERE `a`.`username` = 'admin';
[2022-08-05T16:53:06.487] [ERROR] application - Executing (dc7d6037-d672-4639-ad65-be6e63dd90ca): COMMIT;
[2022-08-05T16:53:23.454] [ERROR] application - Executing (b1084146-62e7-4709-a3ce-07e07a3643c4): START TRANSACTION;
[2022-08-05T16:53:23.494] [ERROR] application - Executing (b1084146-62e7-4709-a3ce-07e07a3643c4): SELECT `id`, `username`, `password`, `email`, `phone`, `status`, `createdAt`, `updatedAt` FROM `sys_users` AS `a` WHERE `a`.`username` = 'admin';
[2022-08-05T16:53:23.531] [ERROR] application - Executing (b1084146-62e7-4709-a3ce-07e07a3643c4): INSERT INTO `sys_users` (`id`,`username`,`password`,`email`,`phone`,`status`,`createdAt`,`updatedAt`) VALUES (DEFAULT,?,?,?,?,?,?,?);
[2022-08-05T16:53:23.585] [ERROR] application - Executing (b1084146-62e7-4709-a3ce-07e07a3643c4): COMMIT;
[2022-08-05T16:53:23.611] [ERROR] application - Executing (default): SELECT `id`, `roleName`, `roleCode`, `isDefault`, `status`, `createdAt`, `updatedAt` FROM `sys_roles` AS `o` WHERE `o`.`isDefault` = 1 LIMIT 1;
[2022-08-05T16:53:23.658] [ERROR] application - Executing (7031a292-8b61-47b9-a0eb-4c478422add3): START TRANSACTION;
[2022-08-05T16:53:23.659] [ERROR] application - TypeError: i.Z.findOrCreate(...).spread is not a function
    at E:\forever25\tricolorcat\serve\dist\/main.js:1:4890
    at new Promise (<anonymous>)
    at Function.updateUserRole (E:\forever25\tricolorcat\serve\dist\/main.js:1:4818)
    at save (E:\forever25\tricolorcat\serve\dist\/main.js:1:6172)
    at processTicksAndRejections (node:internal/process/task_queues:96:5)
    at cors (E:\forever25\tricolorcat\serve\node_modules\.pnpm\registry.npmmirror.com+@koa+cors@3.3.0\node_modules\@koa\cors\index.js:60:32)
    at bodyParser (E:\forever25\tricolorcat\serve\node_modules\.pnpm\registry.npmmirror.com+koa-bodyparser@4.3.0\node_modules\koa-bodyparser\index.js:95:5)
    at E:\forever25\tricolorcat\serve\node_modules\.pnpm\registry.npmmirror.com+koa-log4@2.3.2\node_modules\koa-log4\koa-logger.js:86:7
[2022-08-05T16:53:23.723] [ERROR] application - Executing (7031a292-8b61-47b9-a0eb-4c478422add3): SELECT `id`, `uid`, `rid`, `createdAt`, `updatedAt` FROM `sys_user_roles` AS `o` WHERE `o`.`uid` = 6 LIMIT 1;
[2022-08-05T16:53:23.750] [ERROR] application - Executing (7031a292-8b61-47b9-a0eb-4c478422add3): INSERT INTO `sys_user_roles` (`id`,`uid`,`rid`,`createdAt`,`updatedAt`) VALUES (DEFAULT,?,?,?,?);
[2022-08-05T16:53:23.796] [ERROR] application - Executing (7031a292-8b61-47b9-a0eb-4c478422add3): COMMIT;
[2022-08-05T16:54:34.442] [ERROR] application - Executing (a608c8d0-ec81-41bf-acd5-1746ed0e2a9d): START TRANSACTION;
[2022-08-05T16:54:34.491] [ERROR] application - Executing (a608c8d0-ec81-41bf-acd5-1746ed0e2a9d): SELECT `id`, `username`, `password`, `email`, `phone`, `status`, `createdAt`, `updatedAt` FROM `sys_users` AS `a` WHERE `a`.`username` = 'admin';
[2022-08-05T16:54:34.527] [ERROR] application - Executing (a608c8d0-ec81-41bf-acd5-1746ed0e2a9d): COMMIT;
[2022-08-05T16:54:47.451] [ERROR] application - Executing (40f9c331-dd82-45ae-8661-89496b1fa7f4): START TRANSACTION;
[2022-08-05T16:54:47.489] [ERROR] application - Executing (40f9c331-dd82-45ae-8661-89496b1fa7f4): SELECT `id`, `username`, `password`, `email`, `phone`, `status`, `createdAt`, `updatedAt` FROM `sys_users` AS `a` WHERE `a`.`username` = 'admin';
[2022-08-05T16:54:47.558] [ERROR] application - Executing (40f9c331-dd82-45ae-8661-89496b1fa7f4): INSERT INTO `sys_users` (`id`,`username`,`password`,`email`,`phone`,`status`,`createdAt`,`updatedAt`) VALUES (DEFAULT,?,?,?,?,?,?,?);
[2022-08-05T16:54:47.624] [ERROR] application - Executing (40f9c331-dd82-45ae-8661-89496b1fa7f4): COMMIT;
[2022-08-05T16:54:47.660] [ERROR] application - Executing (default): SELECT `id`, `roleName`, `roleCode`, `isDefault`, `status`, `createdAt`, `updatedAt` FROM `sys_roles` AS `o` WHERE `o`.`isDefault` = 1 LIMIT 1;
[2022-08-05T16:54:47.699] [ERROR] application - Executing (1fcca7ce-c9d0-4bab-8d4e-39eeba351f4d): START TRANSACTION;
[2022-08-05T16:54:47.702] [ERROR] application - TypeError: i.Z.findOrCreate(...).spread is not a function
    at E:\forever25\tricolorcat\serve\dist\/main.js:1:4907
    at new Promise (<anonymous>)
    at Function.updateUserRole (E:\forever25\tricolorcat\serve\dist\/main.js:1:4835)
    at save (E:\forever25\tricolorcat\serve\dist\/main.js:1:6174)
    at processTicksAndRejections (node:internal/process/task_queues:96:5)
    at cors (E:\forever25\tricolorcat\serve\node_modules\.pnpm\registry.npmmirror.com+@koa+cors@3.3.0\node_modules\@koa\cors\index.js:60:32)
    at bodyParser (E:\forever25\tricolorcat\serve\node_modules\.pnpm\registry.npmmirror.com+koa-bodyparser@4.3.0\node_modules\koa-bodyparser\index.js:95:5)
    at E:\forever25\tricolorcat\serve\node_modules\.pnpm\registry.npmmirror.com+koa-log4@2.3.2\node_modules\koa-log4\koa-logger.js:86:7
[2022-08-05T16:54:47.784] [ERROR] application - Executing (1fcca7ce-c9d0-4bab-8d4e-39eeba351f4d): SELECT `id`, `uid`, `rid`, `createdAt`, `updatedAt` FROM `sys_user_roles` AS `o` WHERE `o`.`uid` = 7 LIMIT 1;
[2022-08-05T16:54:47.814] [ERROR] application - Executing (1fcca7ce-c9d0-4bab-8d4e-39eeba351f4d): INSERT INTO `sys_user_roles` (`id`,`uid`,`rid`,`createdAt`,`updatedAt`) VALUES (DEFAULT,?,?,?,?);
[2022-08-05T16:54:47.868] [ERROR] application - Executing (1fcca7ce-c9d0-4bab-8d4e-39eeba351f4d): COMMIT;
[2022-08-05T16:56:20.925] [ERROR] application - Executing (b901404d-0862-4e7c-b5cb-a8ba5c3d866b): START TRANSACTION;
[2022-08-05T16:56:20.979] [ERROR] application - Executing (b901404d-0862-4e7c-b5cb-a8ba5c3d866b): SELECT `id`, `username`, `password`, `email`, `phone`, `status`, `createdAt`, `updatedAt` FROM `sys_users` AS `a` WHERE `a`.`username` = 'admin';
[2022-08-05T16:56:21.012] [ERROR] application - Executing (b901404d-0862-4e7c-b5cb-a8ba5c3d866b): COMMIT;
[2022-08-05T17:01:18.155] [ERROR] application - Executing (aa8ecf79-06ce-41c1-b29f-2e376f482110): START TRANSACTION;
[2022-08-05T17:01:18.229] [ERROR] application - Executing (aa8ecf79-06ce-41c1-b29f-2e376f482110): SELECT `id`, `username`, `password`, `email`, `phone`, `status`, `createdAt`, `updatedAt` FROM `sys_users` AS `a` WHERE `a`.`username` = 'admin';
[2022-08-05T17:01:18.296] [ERROR] application - Executing (aa8ecf79-06ce-41c1-b29f-2e376f482110): INSERT INTO `sys_users` (`id`,`username`,`password`,`email`,`phone`,`status`,`createdAt`,`updatedAt`) VALUES (DEFAULT,?,?,?,?,?,?,?);
[2022-08-05T17:01:18.355] [ERROR] application - Executing (aa8ecf79-06ce-41c1-b29f-2e376f482110): COMMIT;
[2022-08-05T17:01:18.389] [ERROR] application - Executing (default): SELECT `id`, `roleName`, `roleCode`, `isDefault`, `status`, `createdAt`, `updatedAt` FROM `sys_roles` AS `o` WHERE `o`.`isDefault` = 1 LIMIT 1;
[2022-08-05T17:01:18.425] [ERROR] application - ReferenceError: roleId is not defined
    at Function.updateUserRole (E:\forever25\tricolorcat\serve\dist\/main.js:1:4832)
    at save (E:\forever25\tricolorcat\serve\dist\/main.js:1:6181)
    at processTicksAndRejections (node:internal/process/task_queues:96:5)
    at cors (E:\forever25\tricolorcat\serve\node_modules\.pnpm\registry.npmmirror.com+@koa+cors@3.3.0\node_modules\@koa\cors\index.js:60:32)
    at bodyParser (E:\forever25\tricolorcat\serve\node_modules\.pnpm\registry.npmmirror.com+koa-bodyparser@4.3.0\node_modules\koa-bodyparser\index.js:95:5)
    at E:\forever25\tricolorcat\serve\node_modules\.pnpm\registry.npmmirror.com+koa-log4@2.3.2\node_modules\koa-log4\koa-logger.js:86:7
[2022-08-05T17:04:12.835] [ERROR] application - Executing (c064e345-4686-43ba-b804-cd20a6eb0290): START TRANSACTION;
[2022-08-05T17:04:12.871] [ERROR] application - Executing (c064e345-4686-43ba-b804-cd20a6eb0290): SELECT `id`, `username`, `password`, `email`, `phone`, `status`, `createdAt`, `updatedAt` FROM `sys_users` AS `a` WHERE `a`.`username` = 'admin';
[2022-08-05T17:04:12.898] [ERROR] application - Executing (c064e345-4686-43ba-b804-cd20a6eb0290): COMMIT;
[2022-08-05T17:04:25.919] [ERROR] application - Executing (f279c4e2-487c-4d29-aa0d-293747118fa5): START TRANSACTION;
[2022-08-05T17:04:25.956] [ERROR] application - Executing (f279c4e2-487c-4d29-aa0d-293747118fa5): SELECT `id`, `username`, `password`, `email`, `phone`, `status`, `createdAt`, `updatedAt` FROM `sys_users` AS `a` WHERE `a`.`username` = 'admin';
[2022-08-05T17:04:26.002] [ERROR] application - Executing (f279c4e2-487c-4d29-aa0d-293747118fa5): INSERT INTO `sys_users` (`id`,`username`,`password`,`email`,`phone`,`status`,`createdAt`,`updatedAt`) VALUES (DEFAULT,?,?,?,?,?,?,?);
[2022-08-05T17:04:26.055] [ERROR] application - Executing (f279c4e2-487c-4d29-aa0d-293747118fa5): COMMIT;
[2022-08-05T17:04:26.083] [ERROR] application - Executing (default): SELECT `id`, `roleName`, `roleCode`, `isDefault`, `status`, `createdAt`, `updatedAt` FROM `sys_roles` AS `o` WHERE `o`.`isDefault` = 1 LIMIT 1;
[2022-08-05T17:04:56.247] [ERROR] application - Executing (5c30b8cb-10b4-4b52-b03a-723ec68bbc9c): START TRANSACTION;
[2022-08-05T17:04:56.292] [ERROR] application - Executing (5c30b8cb-10b4-4b52-b03a-723ec68bbc9c): SELECT `id`, `username`, `password`, `email`, `phone`, `status`, `createdAt`, `updatedAt` FROM `sys_users` AS `a` WHERE `a`.`username` = 'admin';
[2022-08-05T17:04:56.331] [ERROR] application - Executing (5c30b8cb-10b4-4b52-b03a-723ec68bbc9c): COMMIT;
[2022-08-05T17:05:59.563] [ERROR] application - Executing (a76e599f-e9f0-4501-be6a-1887cc7260d5): START TRANSACTION;
[2022-08-05T17:05:59.590] [ERROR] application - Executing (a76e599f-e9f0-4501-be6a-1887cc7260d5): SELECT `id`, `username`, `password`, `email`, `phone`, `status`, `createdAt`, `updatedAt` FROM `sys_users` AS `a` WHERE `a`.`username` = 'admin';
[2022-08-05T17:05:59.639] [ERROR] application - Executing (a76e599f-e9f0-4501-be6a-1887cc7260d5): INSERT INTO `sys_users` (`id`,`username`,`password`,`email`,`phone`,`status`,`createdAt`,`updatedAt`) VALUES (DEFAULT,?,?,?,?,?,?,?);
[2022-08-05T17:05:59.692] [ERROR] application - Executing (a76e599f-e9f0-4501-be6a-1887cc7260d5): COMMIT;
[2022-08-05T17:05:59.723] [ERROR] application - Executing (default): SELECT `id`, `roleName`, `roleCode`, `isDefault`, `status`, `createdAt`, `updatedAt` FROM `sys_roles` AS `o` WHERE `o`.`isDefault` = 1 LIMIT 1;
[2022-08-05T17:05:59.756] [ERROR] application - Executing (74ae21aa-0e41-4a83-958e-44f93d00eed8): START TRANSACTION;
[2022-08-05T17:05:59.785] [ERROR] application - Executing (74ae21aa-0e41-4a83-958e-44f93d00eed8): SELECT `id`, `uid`, `rid`, `createdAt`, `updatedAt` FROM `sys_user_roles` AS `o` WHERE `o`.`uid` = 10 LIMIT 1;
[2022-08-05T17:05:59.817] [ERROR] application - Executing (74ae21aa-0e41-4a83-958e-44f93d00eed8): INSERT INTO `sys_user_roles` (`id`,`uid`,`rid`,`createdAt`,`updatedAt`) VALUES (DEFAULT,?,?,?,?);
[2022-08-05T17:05:59.869] [ERROR] application - Executing (74ae21aa-0e41-4a83-958e-44f93d00eed8): COMMIT;
[2022-08-05T17:07:16.424] [ERROR] application - Executing (default): UPDATE `sys_users` SET `username`=?,`phone`=?,`email`=?,`updatedAt`=? WHERE `id` = ?
[2022-08-05T17:07:16.484] [ERROR] application - Executing (default): SELECT `id`, `roleName`, `roleCode`, `isDefault`, `status`, `createdAt`, `updatedAt` FROM `sys_roles` AS `o` WHERE `o`.`isDefault` = 1 LIMIT 1;
[2022-08-05T17:07:16.547] [ERROR] application - Executing (de5e3b8b-8b9e-40a4-af9a-dae888f43689): START TRANSACTION;
[2022-08-05T17:07:16.576] [ERROR] application - Executing (de5e3b8b-8b9e-40a4-af9a-dae888f43689): COMMIT;
[2022-08-05T17:07:38.421] [ERROR] application - Executing (default): UPDATE `sys_users` SET `username`=?,`phone`=?,`email`=?,`updatedAt`=? WHERE `id` = ?
[2022-08-05T17:07:38.499] [ERROR] application - Executing (default): SELECT `id`, `roleName`, `roleCode`, `isDefault`, `status`, `createdAt`, `updatedAt` FROM `sys_roles` AS `o` WHERE `o`.`isDefault` = 1 LIMIT 1;
[2022-08-05T17:07:38.556] [ERROR] application - Executing (08455bd3-10f1-4444-a891-0ca292bf4a81): START TRANSACTION;
[2022-08-05T17:07:38.585] [ERROR] application - Executing (08455bd3-10f1-4444-a891-0ca292bf4a81): COMMIT;
[2022-08-05T17:10:32.500] [ERROR] application - Executing (default): UPDATE `sys_users` SET `username`=?,`phone`=?,`email`=?,`updatedAt`=? WHERE `id` = ?
[2022-08-05T17:10:32.562] [ERROR] application - Executing (default): SELECT `id`, `roleName`, `roleCode`, `isDefault`, `status`, `createdAt`, `updatedAt` FROM `sys_roles` AS `o` WHERE `o`.`isDefault` = 1 LIMIT 1;
[2022-08-05T17:10:32.609] [ERROR] application - Executing (55366f92-d334-431d-94ad-b067cfaef55d): START TRANSACTION;
[2022-08-05T17:10:32.638] [ERROR] application - Executing (55366f92-d334-431d-94ad-b067cfaef55d): COMMIT;
[2022-08-05T17:16:38.027] [ERROR] application - Executing (default): UPDATE `sys_users` SET `username`=?,`phone`=?,`email`=?,`updatedAt`=? WHERE `id` = ?
[2022-08-05T17:16:38.164] [ERROR] application - Executing (default): SELECT `id`, `roleName`, `roleCode`, `isDefault`, `status`, `createdAt`, `updatedAt` FROM `sys_roles` AS `o` WHERE `o`.`isDefault` = 1 LIMIT 1;
[2022-08-05T17:16:38.213] [ERROR] application - Executing (a29f1001-2912-4a0d-aaf3-58492248f5df): START TRANSACTION;
[2022-08-05T17:16:38.241] [ERROR] application - Executing (a29f1001-2912-4a0d-aaf3-58492248f5df): COMMIT;
[2022-08-05T17:17:21.041] [ERROR] application - Executing (default): UPDATE `sys_users` SET `username`=?,`phone`=?,`email`=?,`updatedAt`=? WHERE `id` = ?
[2022-08-05T17:17:21.120] [ERROR] application - Executing (default): SELECT `id`, `roleName`, `roleCode`, `isDefault`, `status`, `createdAt`, `updatedAt` FROM `sys_roles` AS `o` WHERE `o`.`isDefault` = 1 LIMIT 1;
[2022-08-05T17:17:21.178] [ERROR] application - Executing (e5ab2da4-19fa-4bd0-bc0b-2fc2f50ab7e4): START TRANSACTION;
[2022-08-05T17:17:21.207] [ERROR] application - Executing (e5ab2da4-19fa-4bd0-bc0b-2fc2f50ab7e4): COMMIT;
[2022-08-05T17:20:00.280] [ERROR] application - Executing (default): UPDATE `sys_users` SET `username`=?,`phone`=?,`email`=?,`password`=?,`updatedAt`=? WHERE `id` = ?
[2022-08-05T17:20:00.381] [ERROR] application - Executing (default): SELECT `id`, `roleName`, `roleCode`, `isDefault`, `status`, `createdAt`, `updatedAt` FROM `sys_roles` AS `o` WHERE `o`.`isDefault` = 1 LIMIT 1;
[2022-08-05T17:20:00.445] [ERROR] application - Executing (a0722b71-cccc-4e6f-9709-c373c95bf7f5): START TRANSACTION;
[2022-08-05T17:20:00.476] [ERROR] application - Executing (a0722b71-cccc-4e6f-9709-c373c95bf7f5): SELECT `id`, `uid`, `rid`, `createdAt`, `updatedAt` FROM `sys_user_roles` AS `o` WHERE `o`.`uid` = '10' LIMIT 1;
[2022-08-05T17:20:00.506] [ERROR] application - Executing (a0722b71-cccc-4e6f-9709-c373c95bf7f5): COMMIT;
[2022-08-05T17:20:00.534] [ERROR] application - Executing (default): UPDATE `sys_user_roles` SET `rid`=?,`updatedAt`=? WHERE `uid` = ?
[2022-08-05T17:20:28.394] [ERROR] application - Executing (default): UPDATE `sys_users` SET `username`=?,`phone`=?,`email`=?,`password`=?,`updatedAt`=? WHERE `id` = ?
[2022-08-05T17:20:28.521] [ERROR] application - Executing (default): SELECT `id`, `roleName`, `roleCode`, `isDefault`, `status`, `createdAt`, `updatedAt` FROM `sys_roles` AS `o` WHERE `o`.`isDefault` = 1 LIMIT 1;
[2022-08-05T17:20:28.557] [ERROR] application - Executing (253e0350-8339-4da8-83f6-3028d8f61720): START TRANSACTION;
[2022-08-05T17:20:28.587] [ERROR] application - Executing (253e0350-8339-4da8-83f6-3028d8f61720): SELECT `id`, `uid`, `rid`, `createdAt`, `updatedAt` FROM `sys_user_roles` AS `o` WHERE `o`.`uid` = '10' LIMIT 1;
[2022-08-05T17:20:28.616] [ERROR] application - Executing (253e0350-8339-4da8-83f6-3028d8f61720): COMMIT;
[2022-08-05T17:20:28.645] [ERROR] application - Executing (default): UPDATE `sys_user_roles` SET `rid`=?,`updatedAt`=? WHERE `uid` = ?
[2022-08-05T17:28:28.108] [ERROR] application - Executing (default): DELETE FROM `sys_users` WHERE `id` = '10'
[2022-08-05T17:29:19.284] [ERROR] application - Executing (default): SELECT count(*) AS `count` FROM `sys_roles` AS `o` WHERE `o`.`roleName` LIKE '%NaN%';
[2022-08-05T17:29:19.295] [ERROR] application - Executing (default): SELECT `id`, `roleName`, `roleCode`, `isDefault`, `status`, `createdAt`, `updatedAt` FROM `sys_roles` AS `o` WHERE `o`.`roleName` LIKE '%NaN%' LIMIT 0, 10;
[2022-08-05T17:30:48.786] [ERROR] application - UnauthorizedError: Authentication Error
    at Object.throw (E:\forever25\tricolorcat\serve\node_modules\.pnpm\registry.npmmirror.com+koa@2.13.4\node_modules\koa\lib\context.js:97:11)
    at jwt (E:\forever25\tricolorcat\serve\node_modules\.pnpm\registry.npmmirror.com+koa-jwt@4.0.3\node_modules\koa-jwt\lib\index.js:23:22)
    at E:\forever25\tricolorcat\serve\node_modules\.pnpm\registry.npmmirror.com+koa-unless@1.0.7\node_modules\koa-unless\index.js:29:12
    at dispatch (E:\forever25\tricolorcat\serve\node_modules\.pnpm\registry.npmmirror.com+koa-compose@4.1.0\node_modules\koa-compose\index.js:42:32)
    at dispatch (E:\forever25\tricolorcat\serve\node_modules\.pnpm\registry.npmmirror.com+koa-compose@4.1.0\node_modules\koa-compose\index.js:42:32)
    at allowedMethods (E:\forever25\tricolorcat\serve\node_modules\.pnpm\registry.npmmirror.com+koa-router@10.1.1\node_modules\koa-router\lib\router.js:433:12)
    at dispatch (E:\forever25\tricolorcat\serve\node_modules\.pnpm\registry.npmmirror.com+koa-compose@4.1.0\node_modules\koa-compose\index.js:42:32)
    at dispatch (E:\forever25\tricolorcat\serve\node_modules\.pnpm\registry.npmmirror.com+koa-router@10.1.1\node_modules\koa-router\lib\router.js:353:32)
    at dispatch (E:\forever25\tricolorcat\serve\node_modules\.pnpm\registry.npmmirror.com+koa-compose@4.1.0\node_modules\koa-compose\index.js:42:32)
    at allowedMethods (E:\forever25\tricolorcat\serve\node_modules\.pnpm\registry.npmmirror.com+koa-router@10.1.1\node_modules\koa-router\lib\router.js:433:12)
[2022-08-05T17:31:43.728] [ERROR] application - Executing (default): SELECT count(*) AS `count` FROM `sys_roles` AS `o` WHERE `o`.`roleName` LIKE '%NaN%';
[2022-08-05T17:31:43.731] [ERROR] application - Executing (default): SELECT `id`, `roleName`, `roleCode`, `isDefault`, `status`, `createdAt`, `updatedAt` FROM `sys_roles` AS `o` WHERE `o`.`roleName` LIKE '%NaN%' LIMIT 0, 10;
[2022-08-05T17:33:11.757] [ERROR] application - Executing (default): INSERT INTO `sys_roles` (`id`,`roleName`,`roleCode`,`isDefault`,`status`,`createdAt`,`updatedAt`) VALUES (DEFAULT,?,?,?,?,?,?);
[2022-08-05T17:34:23.801] [ERROR] application - Executing (default): UPDATE `sys_roles` SET `roleCode`=?,`roleName`=?,`updatedAt`=? WHERE `id` = ?
